<?xml version="1.0" encoding="UTF-8"?>
<!-- Generated by org.testng.reporters.JUnitReportReporter -->
<testsuite hostname="SatyaVeeturi" failures="0" tests="4" name="com.carvaluation.AppTest" time="26.074" errors="0" timestamp="2024-12-16T01:21:11 GMT" skipped="0">
  <testcase classname="com.carvaluation.AppTest" name="testCarValuation" time="9.829"/>
  <testcase classname="com.carvaluation.AppTest" name="testCarValuation" time="6.635"/>
  <testcase classname="com.carvaluation.AppTest" name="testCarValuation" time="5.011"/>
  <testcase classname="com.carvaluation.AppTest" name="testCarValuation" time="4.599"/>
  <system-out>
    <![CDATA[
=== TEST RESULTS ===

Testing Registration: AD58VNF
PASSED: Details match
Expected: AD58VNF,BMW,1 SERIES DIESEL COUPE - 120d M Sport 2dr,2008
Actual: AD58VNF,BMW,1 SERIES DIESEL COUPE - 120d M Sport 2dr,2008

Testing Registration: BW57BOW
FAILED: Not found

Testing Registration: KT17DLX
PASSED: Details match
Expected: KT17DLX,SKODA,SUPERB DIESEL ESTATE - 2.0 TDI CR 190 Sport Line 5dr DSG,2017
Actual: KT17DLX,SKODA,SUPERB DIESEL ESTATE - 2.0 TDI CR 190 Sport Line 5dr DSG,2017

Testing Registration: SG18HTN
FAILED: Not found

=== FINAL SUMMARY ===
Total Tests: 4
Passed: 2
Failed: 2
]]>
  </system-out>
</testsuite> <!-- com.carvaluation.AppTest -->
